{
  "timestamp": 1765992904.418473,
  "validations": {
    "directory_structure": {
      "status": "invalid"
    },
    "phase_1": {
      "phase": 1,
      "components": [
        "atomspace-storage",
        "atomspace-rocks",
        "atomspace-restful",
        "moses"
      ],
      "validations": {
        "atomspace-storage": {
          "dependencies": {
            "component": "atomspace-storage",
            "dependencies": [
              "atomspace"
            ],
            "satisfied": [
              {
                "dependency": "atomspace",
                "path": "/home/runner/work/opencog-unified/opencog-unified/atomspace"
              }
            ],
            "missing": [],
            "status": "satisfied"
          },
          "cmake": {
            "component": "atomspace-storage",
            "cmake_file_exists": true,
            "integrated_in_main": true,
            "status": "integrated"
          }
        },
        "atomspace-rocks": {
          "dependencies": {
            "component": "atomspace-rocks",
            "dependencies": [
              "atomspace"
            ],
            "satisfied": [
              {
                "dependency": "atomspace",
                "path": "/home/runner/work/opencog-unified/opencog-unified/atomspace"
              }
            ],
            "missing": [],
            "status": "satisfied"
          },
          "cmake": {
            "component": "atomspace-rocks",
            "cmake_file_exists": true,
            "integrated_in_main": true,
            "status": "integrated"
          }
        },
        "atomspace-restful": {
          "dependencies": {
            "component": "atomspace-restful",
            "dependencies": [
              "atomspace"
            ],
            "satisfied": [
              {
                "dependency": "atomspace",
                "path": "/home/runner/work/opencog-unified/opencog-unified/atomspace"
              }
            ],
            "missing": [],
            "status": "satisfied"
          },
          "cmake": {
            "component": "atomspace-restful",
            "cmake_file_exists": true,
            "integrated_in_main": true,
            "status": "integrated"
          }
        },
        "moses": {
          "dependencies": {
            "component": "moses",
            "dependencies": [
              "cogutil"
            ],
            "satisfied": [
              {
                "dependency": "cogutil",
                "path": "/home/runner/work/opencog-unified/opencog-unified/cogutil"
              }
            ],
            "missing": [],
            "status": "satisfied"
          },
          "cmake": {
            "component": "moses",
            "cmake_file_exists": true,
            "integrated_in_main": true,
            "status": "integrated"
          }
        }
      },
      "status": "valid"
    },
    "phase_2": {
      "phase": 2,
      "components": [
        "unify",
        "ure",
        "language-learning"
      ],
      "validations": {
        "unify": {
          "dependencies": {
            "component": "unify",
            "dependencies": [
              "atomspace"
            ],
            "satisfied": [
              {
                "dependency": "atomspace",
                "path": "/home/runner/work/opencog-unified/opencog-unified/atomspace"
              }
            ],
            "missing": [],
            "status": "satisfied"
          },
          "cmake": {
            "component": "unify",
            "cmake_file_exists": true,
            "integrated_in_main": true,
            "status": "integrated"
          }
        },
        "ure": {
          "dependencies": {
            "component": "ure",
            "dependencies": [
              "atomspace",
              "unify"
            ],
            "satisfied": [
              {
                "dependency": "atomspace",
                "path": "/home/runner/work/opencog-unified/opencog-unified/atomspace"
              },
              {
                "dependency": "unify",
                "path": "/home/runner/work/opencog-unified/opencog-unified/unify"
              }
            ],
            "missing": [],
            "status": "satisfied"
          },
          "cmake": {
            "component": "ure",
            "cmake_file_exists": true,
            "integrated_in_main": true,
            "status": "integrated"
          }
        },
        "language-learning": {
          "dependencies": {
            "component": "language-learning",
            "dependencies": [
              "cogutil"
            ],
            "satisfied": [
              {
                "dependency": "cogutil",
                "path": "/home/runner/work/opencog-unified/opencog-unified/cogutil"
              }
            ],
            "missing": [],
            "status": "satisfied"
          },
          "cmake": {
            "component": "language-learning",
            "cmake_file_exists": true,
            "integrated_in_main": true,
            "status": "integrated"
          }
        }
      },
      "status": "valid"
    },
    "phase_3": {
      "phase": 3,
      "components": [
        "attention",
        "spacetime"
      ],
      "validations": {
        "attention": {
          "dependencies": {
            "component": "attention",
            "dependencies": [
              "atomspace",
              "cogserver"
            ],
            "satisfied": [
              {
                "dependency": "atomspace",
                "path": "/home/runner/work/opencog-unified/opencog-unified/atomspace"
              },
              {
                "dependency": "cogserver",
                "path": "/home/runner/work/opencog-unified/opencog-unified/cogserver"
              }
            ],
            "missing": [],
            "status": "satisfied"
          },
          "cmake": {
            "component": "attention",
            "cmake_file_exists": true,
            "integrated_in_main": true,
            "status": "integrated"
          }
        },
        "spacetime": {
          "dependencies": {
            "component": "spacetime",
            "dependencies": [
              "atomspace"
            ],
            "satisfied": [
              {
                "dependency": "atomspace",
                "path": "/home/runner/work/opencog-unified/opencog-unified/atomspace"
              }
            ],
            "missing": [],
            "status": "satisfied"
          },
          "cmake": {
            "component": "spacetime",
            "cmake_file_exists": true,
            "integrated_in_main": true,
            "status": "integrated"
          }
        }
      },
      "status": "valid"
    },
    "phase_4": {
      "phase": 4,
      "components": [
        "pln",
        "miner",
        "asmoses"
      ],
      "validations": {
        "pln": {
          "dependencies": {
            "component": "pln",
            "dependencies": [
              "atomspace",
              "ure",
              "spacetime"
            ],
            "satisfied": [
              {
                "dependency": "atomspace",
                "path": "/home/runner/work/opencog-unified/opencog-unified/atomspace"
              },
              {
                "dependency": "ure",
                "path": "/home/runner/work/opencog-unified/opencog-unified/ure"
              },
              {
                "dependency": "spacetime",
                "path": "/home/runner/work/opencog-unified/opencog-unified/spacetime"
              }
            ],
            "missing": [],
            "status": "satisfied"
          },
          "cmake": {
            "component": "pln",
            "cmake_file_exists": true,
            "integrated_in_main": true,
            "status": "integrated"
          }
        },
        "miner": {
          "dependencies": {
            "component": "miner",
            "dependencies": [
              "atomspace",
              "ure"
            ],
            "satisfied": [
              {
                "dependency": "atomspace",
                "path": "/home/runner/work/opencog-unified/opencog-unified/atomspace"
              },
              {
                "dependency": "ure",
                "path": "/home/runner/work/opencog-unified/opencog-unified/ure"
              }
            ],
            "missing": [],
            "status": "satisfied"
          },
          "cmake": {
            "component": "miner",
            "cmake_file_exists": true,
            "integrated_in_main": true,
            "status": "integrated"
          }
        },
        "asmoses": {
          "dependencies": {
            "component": "asmoses",
            "dependencies": [
              "atomspace",
              "ure"
            ],
            "satisfied": [
              {
                "dependency": "atomspace",
                "path": "/home/runner/work/opencog-unified/opencog-unified/atomspace"
              },
              {
                "dependency": "ure",
                "path": "/home/runner/work/opencog-unified/opencog-unified/ure"
              }
            ],
            "missing": [],
            "status": "satisfied"
          },
          "cmake": {
            "component": "asmoses",
            "cmake_file_exists": true,
            "integrated_in_main": true,
            "status": "integrated"
          }
        }
      },
      "status": "valid"
    },
    "phase_5": {
      "phase": 5,
      "components": [
        "lg-atomese",
        "learn",
        "opencog"
      ],
      "validations": {
        "lg-atomese": {
          "dependencies": {
            "component": "lg-atomese",
            "dependencies": [
              "atomspace"
            ],
            "satisfied": [
              {
                "dependency": "atomspace",
                "path": "/home/runner/work/opencog-unified/opencog-unified/atomspace"
              }
            ],
            "missing": [],
            "status": "satisfied"
          },
          "cmake": {
            "component": "lg-atomese",
            "cmake_file_exists": true,
            "integrated_in_main": true,
            "status": "integrated"
          }
        },
        "learn": {
          "dependencies": {
            "component": "learn",
            "dependencies": [
              "atomspace",
              "cogserver"
            ],
            "satisfied": [
              {
                "dependency": "atomspace",
                "path": "/home/runner/work/opencog-unified/opencog-unified/atomspace"
              },
              {
                "dependency": "cogserver",
                "path": "/home/runner/work/opencog-unified/opencog-unified/cogserver"
              }
            ],
            "missing": [],
            "status": "satisfied"
          },
          "cmake": {
            "component": "learn",
            "cmake_file_exists": true,
            "integrated_in_main": true,
            "status": "integrated"
          }
        },
        "opencog": {
          "dependencies": {
            "component": "opencog",
            "dependencies": [
              "atomspace",
              "cogserver",
              "attention",
              "ure",
              "lg-atomese"
            ],
            "satisfied": [
              {
                "dependency": "atomspace",
                "path": "/home/runner/work/opencog-unified/opencog-unified/atomspace"
              },
              {
                "dependency": "cogserver",
                "path": "/home/runner/work/opencog-unified/opencog-unified/cogserver"
              },
              {
                "dependency": "attention",
                "path": "/home/runner/work/opencog-unified/opencog-unified/attention"
              },
              {
                "dependency": "ure",
                "path": "/home/runner/work/opencog-unified/opencog-unified/ure"
              },
              {
                "dependency": "lg-atomese",
                "path": "/home/runner/work/opencog-unified/opencog-unified/lg-atomese"
              }
            ],
            "missing": [],
            "status": "satisfied"
          },
          "cmake": {
            "component": "opencog",
            "cmake_file_exists": true,
            "integrated_in_main": true,
            "status": "integrated"
          }
        }
      },
      "status": "valid"
    },
    "build": {
      "build_attempted": true,
      "build_successful": false,
      "cmake_successful": false,
      "errors": [
        "CMake failed: CMake Warning (dev) at cogutil/CMakeLists.txt:98 (FIND_PACKAGE):\n  Policy CMP0167 is not set: The FindBoost module is removed.  Run \"cmake\n  --help-policy CMP0167\" for policy details.  Use the cmake_policy command to\n  set the policy and suppress this warning.\n\nThis warning is for project developers.  Use -Wno-dev to suppress it.\n\n\nBuilding for Ubuntu 24.04.3 LTS\n\nThe following components WILL NOT be built:\n-----------------------------------------------\n   Boost       - Components requiring Boost.\n   Doxygen     - Code documentation.\n   StackPrint  - Pretty printing of stack traces.\n   Unit tests  - Unit tests.\n   Util        - General utility library.\n\nCMake Error at cmake/OpenCogFindGuile.cmake:16 (MESSAGE):\n  Guile was not found; the scheme bindings will not be built.\n\n  To over-ride, make sure GUILE_LIBRARIES and GUILE_INCLUDE_DIRS are set.\nCall Stack (most recent call first):\n  atomspace/CMakeLists.txt:130 (include)\n\n\n"
      ],
      "status": "cmake_failed"
    },
    "integration_tests": {
      "tests_found": [
        "test_atomspace-restful.py",
        "test_ure_dependencies.py",
        "test_lg_atomese_dependency.py",
        "test_learn.py",
        "test_phase2_ecan_attention.py",
        "test_lg-atomese.py",
        "test_miner.py",
        "test_aprfe_comprehensive.py",
        "test_moses.py",
        "test_opencog.py",
        "test_atomspace-rocks.py",
        "test_attention_spreading_benchmarks.py",
        "test_unify_dependency.py"
      ],
      "tests_run": [
        "test_atomspace-restful.py",
        "test_ure_dependencies.py",
        "test_lg_atomese_dependency.py",
        "test_learn.py",
        "test_phase2_ecan_attention.py",
        "test_lg-atomese.py",
        "test_miner.py",
        "test_aprfe_comprehensive.py",
        "test_moses.py",
        "test_opencog.py",
        "test_atomspace-rocks.py",
        "test_attention_spreading_benchmarks.py",
        "test_unify_dependency.py"
      ],
      "tests_passed": [
        "test_ure_dependencies.py",
        "test_phase2_ecan_attention.py",
        "test_moses.py",
        "test_attention_spreading_benchmarks.py",
        "test_unify_dependency.py"
      ],
      "tests_failed": [
        {
          "test": "test_atomspace-restful.py",
          "error": "  File \"/home/runner/work/opencog-unified/opencog-unified/tests/integration/test_atomspace-restful.py\", line 14\n    class TestAtomspace-restfulIntegration(unittest.TestCase):\n                       ^\nSyntaxError: invalid syntax\n"
        },
        {
          "test": "test_lg_atomese_dependency.py",
          "error": ""
        },
        {
          "test": "test_learn.py",
          "error": "EEE\n======================================================================\nERROR: test_learn_basic_functionality (__main__.TestLearnIntegration.test_learn_basic_functionality)\nTest basic learn functionality\n----------------------------------------------------------------------\nTraceback (most recent call last):\n  File \"/home/runner/work/opencog-unified/opencog-unified/tests/integration/test_learn.py\", line 39, in test_learn_basic_functionality\n    module = importlib.import_module(\"learn\")\n             ^^^^^^^^^^^^^^^^^^^^^^^^^^^^^^^^\n  File \"/usr/lib/python3.12/importlib/__init__.py\", line 90, in import_module\n    return _bootstrap._gcd_import(name[level:], package, level)\n           ^^^^^^^^^^^^^^^^^^^^^^^^^^^^^^^^^^^^^^^^^^^^^^^^^^^^\n  File \"<frozen importlib._bootstrap>\", line 1387, in _gcd_import\n  File \"<frozen importlib._bootstrap>\", line 1360, in _find_and_load\n  File \"<frozen importlib._bootstrap>\", line 1324, in _find_and_load_unlocked\nModuleNotFoundError: No module named 'learn'\n\nDuring handling of the above exception, another exception occurred:\n\nTraceback (most recent call last):\n  File \"/home/runner/work/opencog-unified/opencog-unified/tests/integration/test_learn.py\", line 49, in test_learn_basic_functionality\n    self.fail(f\"Basic functionality test failed for {component}: {e}\")\n                                                     ^^^^^^^^^\nNameError: name 'component' is not defined\n\n======================================================================\nERROR: test_learn_dependencies (__main__.TestLearnIntegration.test_learn_dependencies)\nTest learn dependency integration\n----------------------------------------------------------------------\nTraceback (most recent call last):\n  File \"/home/runner/work/opencog-unified/opencog-unified/tests/integration/test_learn.py\", line 56, in test_learn_dependencies\n    module = importlib.import_module(\"learn\")\n             ^^^^^^^^^^^^^^^^^^^^^^^^^^^^^^^^\n  File \"/usr/lib/python3.12/importlib/__init__.py\", line 90, in import_module\n    return _bootstrap._gcd_import(name[level:], package, level)\n           ^^^^^^^^^^^^^^^^^^^^^^^^^^^^^^^^^^^^^^^^^^^^^^^^^^^^\n  File \"<frozen importlib._bootstrap>\", line 1387, in _gcd_import\n  File \"<frozen importlib._bootstrap>\", line 1360, in _find_and_load\n  File \"<frozen importlib._bootstrap>\", line 1324, in _find_and_load_unlocked\nModuleNotFoundError: No module named 'learn'\n\nDuring handling of the above exception, another exception occurred:\n\nTraceback (most recent call last):\n  File \"/home/runner/work/opencog-unified/opencog-unified/tests/integration/test_learn.py\", line 72, in test_learn_dependencies\n    self.fail(f\"Dependency integration test failed for {component}: {e}\")\n                                                        ^^^^^^^^^\nNameError: name 'component' is not defined\n\n======================================================================\nERROR: test_learn_import (__main__.TestLearnIntegration.test_learn_import)\nTest that learn can be imported\n----------------------------------------------------------------------\nTraceback (most recent call last):\n  File \"/home/runner/work/opencog-unified/opencog-unified/tests/integration/test_learn.py\", line 28, in test_learn_import\n    module = importlib.import_module(\"learn\")\n             ^^^^^^^^^^^^^^^^^^^^^^^^^^^^^^^^\n  File \"/usr/lib/python3.12/importlib/__init__.py\", line 90, in import_module\n    return _bootstrap._gcd_import(name[level:], package, level)\n           ^^^^^^^^^^^^^^^^^^^^^^^^^^^^^^^^^^^^^^^^^^^^^^^^^^^^\n  File \"<frozen importlib._bootstrap>\", line 1387, in _gcd_import\n  File \"<frozen importlib._bootstrap>\", line 1360, in _find_and_load\n  File \"<frozen importlib._bootstrap>\", line 1324, in _find_and_load_unlocked\nModuleNotFoundError: No module named 'learn'\n\nDuring handling of the above exception, another exception occurred:\n\nTraceback (most recent call last):\n  File \"/home/runner/work/opencog-unified/opencog-unified/tests/integration/test_learn.py\", line 31, in test_learn_import\n    self.fail(f\"Failed to import {component}: {e}\")\n                                  ^^^^^^^^^\nNameError: name 'component' is not defined\n\n----------------------------------------------------------------------\nRan 3 tests in 0.006s\n\nFAILED (errors=3)\n"
        },
        {
          "test": "test_lg-atomese.py",
          "error": "  File \"/home/runner/work/opencog-unified/opencog-unified/tests/integration/test_lg-atomese.py\", line 14\n    class TestLg-atomeseIntegration(unittest.TestCase):\n                ^\nSyntaxError: invalid syntax\n"
        },
        {
          "test": "test_miner.py",
          "error": ".F....\n======================================================================\nFAIL: test_miner_dependencies_declared (__main__.TestMinerIntegration.test_miner_dependencies_declared)\nTest that miner declares atomspace and ure dependencies.\n----------------------------------------------------------------------\nTraceback (most recent call last):\n  File \"/home/runner/work/opencog-unified/opencog-unified/tests/integration/test_miner.py\", line 39, in test_miner_dependencies_declared\n    self.assertIn(\"find_package(AtomSpace REQUIRED)\", content,\nAssertionError: 'find_package(AtomSpace REQUIRED)' not found in '#\\n# Miner CMake file - Pattern Mining for OpenCog\\n#\\n# Week 14: miner Integration - Pattern mining algorithms with ure dependency\\n#\\n\\nCMAKE_MINIMUM_REQUIRED(VERSION 3.12)\\n\\nPROJECT(miner)\\n\\n# Set C++ standard\\nset(CMAKE_CXX_STANDARD 17)\\nset(CMAKE_CXX_STANDARD_REQUIRED ON)\\n\\n# Find required dependencies\\nfind_package(CogUtil QUIET)\\nfind_package(AtomSpace QUIET)\\nfind_package(URE QUIET)\\n\\n# In monorepo context, handle missing packages\\nIF(NOT COGUTIL_FOUND)\\n\\tSET(COGUTIL_INCLUDE_DIR ${CMAKE_SOURCE_DIR}/cogutil)\\nENDIF()\\nIF(NOT ATOMSPACE_FOUND)\\n\\tSET(ATOMSPACE_INCLUDE_DIR ${CMAKE_SOURCE_DIR}/atomspace)\\nENDIF()\\nIF(NOT URE_FOUND)\\n\\tSET(URE_INCLUDE_DIR ${CMAKE_SOURCE_DIR}/ure)\\nENDIF()\\n\\n# Include directories\\ninclude_directories(\\n    ${CMAKE_CURRENT_SOURCE_DIR}\\n    ${CMAKE_CURRENT_SOURCE_DIR}/opencog\\n    ${COGUTIL_INCLUDE_DIR}\\n    ${ATOMSPACE_INCLUDE_DIR}\\n    ${URE_INCLUDE_DIR}\\n)\\n\\n# Miner core source files\\nfile(GLOB_RECURSE MINER_SOURCES\\n    \"opencog/miner/*.cc\"\\n    \"opencog/miner/*.cpp\"\\n)\\n\\nfile(GLOB_RECURSE MINER_HEADERS\\n    \"opencog/miner/*.h\"\\n    \"opencog/miner/*.hpp\"\\n)\\n\\n# Create miner library\\nif(MINER_SOURCES)\\n    add_library(miner SHARED ${MINER_SOURCES})\\n    \\n    # Link dependencies\\n    target_link_libraries(miner\\n        ${COGUTIL_LIBRARY}\\n        ${ATOMSPACE_LIBRARY}\\n        ${URE_LIBRARY}\\n    )\\n    \\n    # Set library properties\\n    set_target_properties(miner PROPERTIES\\n        VERSION ${OPENCOG_VERSION}\\n        SOVERSION ${OPENCOG_SOVERSION}\\n    )\\n    \\n    # Install library and headers\\n    install(TARGETS miner\\n        LIBRARY DESTINATION lib\\n        RUNTIME DESTINATION bin\\n    )\\n    \\n    install(FILES ${MINER_HEADERS}\\n        DESTINATION include/opencog/miner\\n    )\\nendif()\\n\\n# Miner executables\\nfile(GLOB MINER_EXECUTABLES \"examples/*.cc\")\\nforeach(executable_source ${MINER_EXECUTABLES})\\n    get_filename_component(executable_name ${executable_source} NAME_WE)\\n    add_executable(${executable_name} ${executable_source})\\n    target_link_libraries(${executable_name} miner ${COGUTIL_LIBRARY} ${ATOMSPACE_LIBRARY} ${URE_LIBRARY})\\n    install(TARGETS ${executable_name} DESTINATION bin)\\nendforeach()\\n\\n# Add tests if they exist\\nif(EXISTS \"${CMAKE_CURRENT_SOURCE_DIR}/tests/CMakeLists.txt\")\\n    add_subdirectory(tests)\\nendif()\\n\\n# Create miner-specific target\\nadd_custom_target(miner-all\\n    DEPENDS miner\\n    COMMENT \"Building miner (Pattern Mining) component\"\\n)\\n\\nMESSAGE(STATUS \"Miner (Pattern Mining) component configured\")' : Miner should declare AtomSpace dependency\n\n----------------------------------------------------------------------\nRan 6 tests in 0.001s\n\nFAILED (failures=1)\n"
        },
        {
          "test": "test_aprfe_comprehensive.py",
          "error": ""
        },
        {
          "test": "test_opencog.py",
          "error": "EEE\n======================================================================\nERROR: test_opencog_basic_functionality (__main__.TestOpencogIntegration.test_opencog_basic_functionality)\nTest basic opencog functionality\n----------------------------------------------------------------------\nTraceback (most recent call last):\n  File \"/home/runner/work/opencog-unified/opencog-unified/tests/integration/test_opencog.py\", line 39, in test_opencog_basic_functionality\n    module = importlib.import_module(\"opencog\")\n             ^^^^^^^^^^^^^^^^^^^^^^^^^^^^^^^^^^\n  File \"/usr/lib/python3.12/importlib/__init__.py\", line 90, in import_module\n    return _bootstrap._gcd_import(name[level:], package, level)\n           ^^^^^^^^^^^^^^^^^^^^^^^^^^^^^^^^^^^^^^^^^^^^^^^^^^^^\n  File \"<frozen importlib._bootstrap>\", line 1387, in _gcd_import\n  File \"<frozen importlib._bootstrap>\", line 1360, in _find_and_load\n  File \"<frozen importlib._bootstrap>\", line 1324, in _find_and_load_unlocked\nModuleNotFoundError: No module named 'opencog'\n\nDuring handling of the above exception, another exception occurred:\n\nTraceback (most recent call last):\n  File \"/home/runner/work/opencog-unified/opencog-unified/tests/integration/test_opencog.py\", line 49, in test_opencog_basic_functionality\n    self.fail(f\"Basic functionality test failed for {component}: {e}\")\n                                                     ^^^^^^^^^\nNameError: name 'component' is not defined\n\n======================================================================\nERROR: test_opencog_dependencies (__main__.TestOpencogIntegration.test_opencog_dependencies)\nTest opencog dependency integration\n----------------------------------------------------------------------\nTraceback (most recent call last):\n  File \"/home/runner/work/opencog-unified/opencog-unified/tests/integration/test_opencog.py\", line 56, in test_opencog_dependencies\n    module = importlib.import_module(\"opencog\")\n             ^^^^^^^^^^^^^^^^^^^^^^^^^^^^^^^^^^\n  File \"/usr/lib/python3.12/importlib/__init__.py\", line 90, in import_module\n    return _bootstrap._gcd_import(name[level:], package, level)\n           ^^^^^^^^^^^^^^^^^^^^^^^^^^^^^^^^^^^^^^^^^^^^^^^^^^^^\n  File \"<frozen importlib._bootstrap>\", line 1387, in _gcd_import\n  File \"<frozen importlib._bootstrap>\", line 1360, in _find_and_load\n  File \"<frozen importlib._bootstrap>\", line 1324, in _find_and_load_unlocked\nModuleNotFoundError: No module named 'opencog'\n\nDuring handling of the above exception, another exception occurred:\n\nTraceback (most recent call last):\n  File \"/home/runner/work/opencog-unified/opencog-unified/tests/integration/test_opencog.py\", line 72, in test_opencog_dependencies\n    self.fail(f\"Dependency integration test failed for {component}: {e}\")\n                                                        ^^^^^^^^^\nNameError: name 'component' is not defined\n\n======================================================================\nERROR: test_opencog_import (__main__.TestOpencogIntegration.test_opencog_import)\nTest that opencog can be imported\n----------------------------------------------------------------------\nTraceback (most recent call last):\n  File \"/home/runner/work/opencog-unified/opencog-unified/tests/integration/test_opencog.py\", line 28, in test_opencog_import\n    module = importlib.import_module(\"opencog\")\n             ^^^^^^^^^^^^^^^^^^^^^^^^^^^^^^^^^^\n  File \"/usr/lib/python3.12/importlib/__init__.py\", line 90, in import_module\n    return _bootstrap._gcd_import(name[level:], package, level)\n           ^^^^^^^^^^^^^^^^^^^^^^^^^^^^^^^^^^^^^^^^^^^^^^^^^^^^\n  File \"<frozen importlib._bootstrap>\", line 1387, in _gcd_import\n  File \"<frozen importlib._bootstrap>\", line 1360, in _find_and_load\n  File \"<frozen importlib._bootstrap>\", line 1324, in _find_and_load_unlocked\nModuleNotFoundError: No module named 'opencog'\n\nDuring handling of the above exception, another exception occurred:\n\nTraceback (most recent call last):\n  File \"/home/runner/work/opencog-unified/opencog-unified/tests/integration/test_opencog.py\", line 31, in test_opencog_import\n    self.fail(f\"Failed to import {component}: {e}\")\n                                  ^^^^^^^^^\nNameError: name 'component' is not defined\n\n----------------------------------------------------------------------\nRan 3 tests in 0.006s\n\nFAILED (errors=3)\n"
        },
        {
          "test": "test_atomspace-rocks.py",
          "error": "  File \"/home/runner/work/opencog-unified/opencog-unified/tests/integration/test_atomspace-rocks.py\", line 14\n    class TestAtomspace-rocksIntegration(unittest.TestCase):\n                       ^\nSyntaxError: invalid syntax\n"
        }
      ],
      "status": "some_tests_failed"
    }
  },
  "summary": {
    "total_phases": 5,
    "phases_valid": 5,
    "build_status": "cmake_failed",
    "test_status": "some_tests_failed",
    "overall_status": "partial"
  },
  "errors": [
    "Missing directories: ['components/logic', 'components/cognitive', 'components/advanced', 'tests/performance', 'tests/end_to_end']"
  ]
}